  main.cpp
C:\Users\nicol\Desktop\Game_Jam_Project\MAPMAKER\MAPMAKER\mapGen.h(64,70): warning C4244: '=': conversione da 'T' a 'int'. Possibile perdita di dati.
          with
          [
              T=float
          ]
C:\Users\nicol\Desktop\Game_Jam_Project\MAPMAKER\MAPMAKER\mapGen.h(65,68): warning C4244: '=': conversione da 'T' a 'int'. Possibile perdita di dati.
          with
          [
              T=float
          ]
C:\Users\nicol\Desktop\Game_Jam_Project\MAPMAKER\MAPMAKER\mapGen.h(67,70): warning C4244: '=': conversione da 'T' a 'int'. Possibile perdita di dati.
          with
          [
              T=float
          ]
C:\Users\nicol\Desktop\Game_Jam_Project\MAPMAKER\MAPMAKER\mapGen.h(68,68): warning C4244: '=': conversione da 'T' a 'int'. Possibile perdita di dati.
          with
          [
              T=float
          ]
C:\Users\nicol\Desktop\Game_Jam_Project\MAPMAKER\MAPMAKER\mapGen.h(108,18): warning C4244: '=': conversione da 'float' a 'T'. Possibile perdita di dati.
          with
          [
              T=unsigned int
          ]
C:\Users\nicol\Desktop\Game_Jam_Project\MAPMAKER\MAPMAKER\mapGen.h(109,18): warning C4244: '=': conversione da 'float' a 'T'. Possibile perdita di dati.
          with
          [
              T=unsigned int
          ]
C:\Users\nicol\Desktop\Game_Jam_Project\MAPMAKER\MAPMAKER\mapGen.h(137,18): warning C4244: '=': conversione da 'float' a 'T'. Possibile perdita di dati.
          with
          [
              T=unsigned int
          ]
C:\Users\nicol\Desktop\Game_Jam_Project\MAPMAKER\MAPMAKER\mapGen.h(138,18): warning C4244: '=': conversione da 'float' a 'T'. Possibile perdita di dati.
          with
          [
              T=unsigned int
          ]
C:\Users\nicol\Desktop\Game_Jam_Project\MAPMAKER\MAPMAKER\UI.h(14,33): warning C4244: 'argomento': conversione da 'double' a 'T'. Possibile perdita di dati.
          with
          [
              T=float
          ]
C:\Users\nicol\Desktop\Game_Jam_Project\MAPMAKER\MAPMAKER\UI.h(14,30): warning C4244: 'argomento': conversione da 'int' a 'T'. Possibile perdita di dati.
          with
          [
              T=float
          ]
C:\Users\nicol\Desktop\Game_Jam_Project\MAPMAKER\MAPMAKER\UI.h(15,32): warning C4244: 'argomento': conversione da 'double' a 'T'. Possibile perdita di dati.
          with
          [
              T=float
          ]
C:\Users\nicol\Desktop\Game_Jam_Project\MAPMAKER\MAPMAKER\UI.h(27,31): warning C4244: 'argomento': conversione da 'int' a 'T'. Possibile perdita di dati.
          with
          [
              T=float
          ]
C:\Users\nicol\Desktop\Game_Jam_Project\MAPMAKER\MAPMAKER\UI.h(27,28): warning C4244: 'argomento': conversione da 'int' a 'T'. Possibile perdita di dati.
          with
          [
              T=float
          ]
C:\Users\nicol\Desktop\Game_Jam_Project\MAPMAKER\MAPMAKER\UI.h(28,51): warning C4244: 'argomento': conversione da 'int' a 'T'. Possibile perdita di dati.
          with
          [
              T=float
          ]
C:\Users\nicol\Desktop\Game_Jam_Project\MAPMAKER\MAPMAKER\UI.h(28,41): warning C4244: 'argomento': conversione da 'double' a 'T'. Possibile perdita di dati.
          with
          [
              T=float
          ]
C:\Users\nicol\Desktop\Game_Jam_Project\MAPMAKER\MAPMAKER\UI.h(60,44): warning C4244: 'argomento': conversione da 'int' a 'T'. Possibile perdita di dati.
          with
          [
              T=float
          ]
C:\Users\nicol\Desktop\Game_Jam_Project\MAPMAKER\MAPMAKER\UI.h(60,41): warning C4244: 'argomento': conversione da 'int' a 'T'. Possibile perdita di dati.
          with
          [
              T=float
          ]
C:\Users\nicol\Desktop\Game_Jam_Project\MAPMAKER\MAPMAKER\UI.h(61,62): warning C4244: 'argomento': conversione da 'double' a 'T'. Possibile perdita di dati.
          with
          [
              T=float
          ]
C:\Users\nicol\Desktop\Game_Jam_Project\MAPMAKER\MAPMAKER\UI.h(61,47): warning C4244: 'argomento': conversione da 'double' a 'T'. Possibile perdita di dati.
          with
          [
              T=float
          ]
C:\Users\nicol\Desktop\Game_Jam_Project\MAPMAKER\MAPMAKER\UI.h(68,57): warning C4244: 'argomento': conversione da 'int' a 'T'. Possibile perdita di dati.
          with
          [
              T=float
          ]
C:\Users\nicol\Desktop\Game_Jam_Project\MAPMAKER\MAPMAKER\UI.h(68,41): warning C4244: 'argomento': conversione da 'int' a 'T'. Possibile perdita di dati.
          with
          [
              T=float
          ]
C:\Users\nicol\Desktop\Game_Jam_Project\MAPMAKER\MAPMAKER\UI.h(85,69): warning C4244: 'argomento': conversione da 'double' a 'T'. Possibile perdita di dati.
          with
          [
              T=float
          ]
C:\Users\nicol\Desktop\Game_Jam_Project\MAPMAKER\MAPMAKER\select.h(10,39): warning C4244: 'argomento': conversione da 'int' a 'T'. Possibile perdita di dati.
          with
          [
              T=float
          ]
C:\Users\nicol\Desktop\Game_Jam_Project\MAPMAKER\MAPMAKER\select.h(10,35): warning C4244: 'argomento': conversione da 'int' a 'T'. Possibile perdita di dati.
          with
          [
              T=float
          ]
C:\Users\nicol\Desktop\Game_Jam_Project\MAPMAKER\MAPMAKER\select.h(11,56): warning C4244: 'argomento': conversione da 'double' a 'T'. Possibile perdita di dati.
          with
          [
              T=float
          ]
C:\Users\nicol\Desktop\Game_Jam_Project\MAPMAKER\MAPMAKER\select.h(11,41): warning C4244: 'argomento': conversione da 'double' a 'T'. Possibile perdita di dati.
          with
          [
              T=float
          ]
C:\Users\nicol\Desktop\Game_Jam_Project\MAPMAKER\MAPMAKER\select.h(25,38): warning C4244: 'argomento': conversione da 'int' a 'T'. Possibile perdita di dati.
          with
          [
              T=float
          ]
C:\Users\nicol\Desktop\Game_Jam_Project\MAPMAKER\MAPMAKER\select.h(39,45): warning C4244: 'argomento': conversione da 'int' a 'T'. Possibile perdita di dati.
          with
          [
              T=float
          ]
C:\Users\nicol\Desktop\Game_Jam_Project\MAPMAKER\MAPMAKER\select.h(39,41): warning C4244: 'argomento': conversione da 'int' a 'T'. Possibile perdita di dati.
          with
          [
              T=float
          ]
C:\Users\nicol\Desktop\Game_Jam_Project\MAPMAKER\MAPMAKER\select.h(47,55): warning C4244: 'argomento': conversione da 'int' a 'T'. Possibile perdita di dati.
          with
          [
              T=float
          ]
C:\Users\nicol\Desktop\Game_Jam_Project\MAPMAKER\MAPMAKER\select.h(47,42): warning C4244: 'argomento': conversione da 'int' a 'T'. Possibile perdita di dati.
          with
          [
              T=float
          ]
C:\Users\nicol\Desktop\Game_Jam_Project\MAPMAKER\MAPMAKER\main.cpp(110,24): warning C4244: 'argomento': conversione da 'double' a 'float'. Possibile perdita di dati.
C:\Users\nicol\Desktop\Game_Jam_Project\MAPMAKER\MAPMAKER\main.cpp(110,18): warning C4244: 'argomento': conversione da 'double' a 'float'. Possibile perdita di dati.
C:\Users\nicol\Desktop\Game_Jam_Project\MAPMAKER\MAPMAKER\main.cpp(275,77): warning C4551: chiamata di funzione senza elenco di argomenti
C:\Users\nicol\Desktop\Game_Jam_Project\MAPMAKER\MAPMAKER\main.cpp(313,32): warning C4551: chiamata di funzione senza elenco di argomenti
C:\Users\nicol\Desktop\Game_Jam_Project\MAPMAKER\MAPMAKER\main.cpp(354,50): warning C4244: 'argomento': conversione da 'double' a 'int'. Possibile perdita di dati.
C:\Users\nicol\Desktop\Game_Jam_Project\MAPMAKER\MAPMAKER\main.cpp(354,32): warning C4244: 'argomento': conversione da 'double' a 'int'. Possibile perdita di dati.
C:\Users\nicol\Desktop\Game_Jam_Project\MAPMAKER\MAPMAKER\main.cpp(424,41): warning C4244: '=': conversione da 'T' a 'T'. Possibile perdita di dati.
          with
          [
              T=float
          ]
          and
          [
              T=unsigned int
          ]
C:\Users\nicol\Desktop\Game_Jam_Project\MAPMAKER\MAPMAKER\main.cpp(427,41): warning C4244: '=': conversione da 'T' a 'T'. Possibile perdita di dati.
          with
          [
              T=float
          ]
          and
          [
              T=unsigned int
          ]
  MAPMAKER.vcxproj -> C:\Users\nicol\Desktop\Game_Jam_Project\MAPMAKER\Debug\MAPMAKER.exe
