  main.cpp
C:\Users\nicol\Desktop\Game_Jam_Project\MAPMAKER\MAPMAKER\mapGen.h(86,70): warning C4244: '=': conversione da 'T' a 'int'. Possibile perdita di dati.
          with
          [
              T=float
          ]
C:\Users\nicol\Desktop\Game_Jam_Project\MAPMAKER\MAPMAKER\mapGen.h(87,68): warning C4244: '=': conversione da 'T' a 'int'. Possibile perdita di dati.
          with
          [
              T=float
          ]
C:\Users\nicol\Desktop\Game_Jam_Project\MAPMAKER\MAPMAKER\mapGen.h(89,70): warning C4244: '=': conversione da 'T' a 'int'. Possibile perdita di dati.
          with
          [
              T=float
          ]
C:\Users\nicol\Desktop\Game_Jam_Project\MAPMAKER\MAPMAKER\mapGen.h(90,68): warning C4244: '=': conversione da 'T' a 'int'. Possibile perdita di dati.
          with
          [
              T=float
          ]
C:\Users\nicol\Desktop\Game_Jam_Project\MAPMAKER\MAPMAKER\mapGen.h(130,18): warning C4244: '=': conversione da 'float' a 'T'. Possibile perdita di dati.
          with
          [
              T=unsigned int
          ]
C:\Users\nicol\Desktop\Game_Jam_Project\MAPMAKER\MAPMAKER\mapGen.h(131,18): warning C4244: '=': conversione da 'float' a 'T'. Possibile perdita di dati.
          with
          [
              T=unsigned int
          ]
C:\Users\nicol\Desktop\Game_Jam_Project\MAPMAKER\MAPMAKER\mapGen.h(159,18): warning C4244: '=': conversione da 'float' a 'T'. Possibile perdita di dati.
          with
          [
              T=unsigned int
          ]
C:\Users\nicol\Desktop\Game_Jam_Project\MAPMAKER\MAPMAKER\mapGen.h(160,18): warning C4244: '=': conversione da 'float' a 'T'. Possibile perdita di dati.
          with
          [
              T=unsigned int
          ]
C:\Users\nicol\Desktop\Game_Jam_Project\MAPMAKER\MAPMAKER\file.h(102,31): warning C4244: 'argomento': conversione da 'int' a 'T'. Possibile perdita di dati.
          with
          [
              T=float
          ]
C:\Users\nicol\Desktop\Game_Jam_Project\MAPMAKER\MAPMAKER\file.h(102,28): warning C4244: 'argomento': conversione da 'int' a 'T'. Possibile perdita di dati.
          with
          [
              T=float
          ]
C:\Users\nicol\Desktop\Game_Jam_Project\MAPMAKER\MAPMAKER\file.h(103,51): warning C4244: 'argomento': conversione da 'int' a 'T'. Possibile perdita di dati.
          with
          [
              T=float
          ]
C:\Users\nicol\Desktop\Game_Jam_Project\MAPMAKER\MAPMAKER\file.h(103,41): warning C4244: 'argomento': conversione da 'double' a 'T'. Possibile perdita di dati.
          with
          [
              T=float
          ]
C:\Users\nicol\Desktop\Game_Jam_Project\MAPMAKER\MAPMAKER\select.h(10,39): warning C4244: 'argomento': conversione da 'int' a 'T'. Possibile perdita di dati.
          with
          [
              T=float
          ]
C:\Users\nicol\Desktop\Game_Jam_Project\MAPMAKER\MAPMAKER\select.h(10,35): warning C4244: 'argomento': conversione da 'int' a 'T'. Possibile perdita di dati.
          with
          [
              T=float
          ]
C:\Users\nicol\Desktop\Game_Jam_Project\MAPMAKER\MAPMAKER\select.h(11,60): warning C4244: 'argomento': conversione da 'double' a 'T'. Possibile perdita di dati.
          with
          [
              T=float
          ]
C:\Users\nicol\Desktop\Game_Jam_Project\MAPMAKER\MAPMAKER\select.h(11,41): warning C4244: 'argomento': conversione da 'double' a 'T'. Possibile perdita di dati.
          with
          [
              T=float
          ]
C:\Users\nicol\Desktop\Game_Jam_Project\MAPMAKER\MAPMAKER\select.h(25,38): warning C4244: 'argomento': conversione da 'int' a 'T'. Possibile perdita di dati.
          with
          [
              T=float
          ]
C:\Users\nicol\Desktop\Game_Jam_Project\MAPMAKER\MAPMAKER\main.cpp(95,24): warning C4244: 'argomento': conversione da 'double' a 'float'. Possibile perdita di dati.
C:\Users\nicol\Desktop\Game_Jam_Project\MAPMAKER\MAPMAKER\main.cpp(95,18): warning C4244: 'argomento': conversione da 'double' a 'float'. Possibile perdita di dati.
C:\Users\nicol\Desktop\Game_Jam_Project\MAPMAKER\MAPMAKER\main.cpp(226,28): warning C4551: chiamata di funzione senza elenco di argomenti
C:\Users\nicol\Desktop\Game_Jam_Project\MAPMAKER\MAPMAKER\main.cpp(278,50): warning C4244: 'argomento': conversione da 'double' a 'int'. Possibile perdita di dati.
C:\Users\nicol\Desktop\Game_Jam_Project\MAPMAKER\MAPMAKER\main.cpp(278,32): warning C4244: 'argomento': conversione da 'double' a 'int'. Possibile perdita di dati.
C:\Users\nicol\Desktop\Game_Jam_Project\MAPMAKER\MAPMAKER\main.cpp(348,41): warning C4244: '=': conversione da 'T' a 'T'. Possibile perdita di dati.
          with
          [
              T=float
          ]
          and
          [
              T=unsigned int
          ]
C:\Users\nicol\Desktop\Game_Jam_Project\MAPMAKER\MAPMAKER\main.cpp(351,41): warning C4244: '=': conversione da 'T' a 'T'. Possibile perdita di dati.
          with
          [
              T=float
          ]
          and
          [
              T=unsigned int
          ]
  Generazione codice in corso...
  Previous IPDB not found, fall back to full compilation.
  All 304 functions were compiled because no usable IPDB/IOBJ from previous compilation was found.
  Generazione codice terminata
  MAPMAKER.vcxproj -> C:\Users\nicol\Desktop\Game_Jam_Project\MAPMAKER\Release\MAPMAKER.exe
